<?xml version="1.0" encoding="UTF-8"?>
<!-- Generated by org.testng.reporters.JUnitReportReporter -->
<testsuite hostname="DESKTOP-OGS304U" failures="0" tests="3" name="sailotech.com.EzScheduler.providerTests.DoctorCancellation" time="35.487" errors="0" timestamp="28 Oct 2020 10:28:37 GMT" skipped="0">
  <testcase classname="sailotech.com.EzScheduler.providerTests.DoctorCancellation" name="TC02_DoctorLogin" time="14.753"/>
  <testcase classname="sailotech.com.EzScheduler.providerTests.DoctorCancellation" name="TC03_DoctorCancelsOpenSlots" time="15.973"/>
  <testcase classname="sailotech.com.EzScheduler.providerTests.DoctorCancellation" name="TC01_Naviagtion_to_Login" time="4.761"/>
</testsuite> <!-- sailotech.com.EzScheduler.providerTests.DoctorCancellation -->
