<?xml version="1.0" encoding="UTF-8"?>
<!-- Generated by org.testng.reporters.JUnitReportReporter -->
<testsuite hostname="DESKTOP-OGS304U" failures="0" tests="4" name="sailotech.com.EzScheduler.consumerTests.PatientAppointmentBookingTest" time="58.490" errors="0" timestamp="08 Jan 2021 05:38:53 GMT" skipped="0">
  <testcase classname="sailotech.com.EzScheduler.consumerTests.PatientAppointmentBookingTest" name="TC04_slot_booking" time="29.472"/>
  <testcase classname="sailotech.com.EzScheduler.consumerTests.PatientAppointmentBookingTest" name="TC03_serach_for_doctor" time="8.629"/>
  <testcase classname="sailotech.com.EzScheduler.consumerTests.PatientAppointmentBookingTest" name="TC01_Navigate_to_LoginRegister" time="4.014"/>
  <testcase classname="sailotech.com.EzScheduler.consumerTests.PatientAppointmentBookingTest" name="TC02_PatientLogin" time="16.375"/>
</testsuite> <!-- sailotech.com.EzScheduler.consumerTests.PatientAppointmentBookingTest -->
