<?xml version="1.0" encoding="UTF-8"?>
<!-- Generated by org.testng.reporters.JUnitReportReporter -->
<testsuite hostname="DESKTOP-OGS304U" failures="0" tests="2" name="sailotech.com.EzScheduler.providerTests.DoctorRegistrationTest" time="82.710" errors="0" timestamp="06 Jan 2021 11:11:38 GMT" skipped="0">
  <testcase classname="sailotech.com.EzScheduler.providerTests.DoctorRegistrationTest" name="TC02_DoctorRegisterPage" time="77.477"/>
  <testcase classname="sailotech.com.EzScheduler.providerTests.DoctorRegistrationTest" name="TC01_Naviagtion_to_Register" time="5.233"/>
</testsuite> <!-- sailotech.com.EzScheduler.providerTests.DoctorRegistrationTest -->
