<?xml version="1.0" encoding="UTF-8"?>
<!-- Generated by org.testng.reporters.JUnitReportReporter -->
<testsuite hostname="DESKTOP-OGS304U" failures="0" tests="2" name="sailotech.com.EzScheduler.adminTests.ViewDcotorTest" time="59.258" errors="0" timestamp="05 Jan 2021 08:23:23 GMT" skipped="0">
  <testcase classname="sailotech.com.EzScheduler.adminTests.ViewDcotorTest" name="TC02_ViewProfile_OF_VerifiedDoctor" time="44.581"/>
  <testcase classname="sailotech.com.EzScheduler.adminTests.ViewDcotorTest" name="TC01_AdminLogin" time="14.677"/>
</testsuite> <!-- sailotech.com.EzScheduler.adminTests.ViewDcotorTest -->
