<?xml version="1.0" encoding="UTF-8"?>
<!-- Generated by org.testng.reporters.JUnitReportReporter -->
<testsuite hostname="DESKTOP-OGS304U" failures="0" tests="3" name="sailotech.com.EzScheduler.adminTests.AdminTest" time="658.770" errors="0" timestamp="2021-11-01T12:42:33 IST" skipped="0">
  <testcase classname="sailotech.com.EzScheduler.adminTests.AdminTest" name="TC02_AdminLogin" time="17.164"/>
  <system-out/>
  <testcase classname="sailotech.com.EzScheduler.adminTests.AdminTest" name="TC03_VerifyDoctor" time="633.586"/>
  <system-out/>
  <testcase classname="sailotech.com.EzScheduler.adminTests.AdminTest" name="TCA_01_LoginNavigation" time="8.020"/>
  <system-out/>
</testsuite> <!-- sailotech.com.EzScheduler.adminTests.AdminTest -->
