<?xml version="1.0" encoding="UTF-8"?>
<!-- Generated by org.testng.reporters.JUnitReportReporter -->
<testsuite hostname="DESKTOP-OGS304U" failures="0" tests="2" name="sailotech.com.EzScheduler.providerTests.MisMatchDayOfWeekTest" time="72.981" errors="0" timestamp="23 Dec 2020 06:21:45 GMT" skipped="0">
  <testcase classname="sailotech.com.EzScheduler.providerTests.MisMatchDayOfWeekTest" name="TC01_DoctorLogin" time="18.381"/>
  <testcase classname="sailotech.com.EzScheduler.providerTests.MisMatchDayOfWeekTest" name="TC02_GenerateSlots" time="54.600"/>
</testsuite> <!-- sailotech.com.EzScheduler.providerTests.MisMatchDayOfWeekTest -->
