<?xml version="1.0" encoding="UTF-8"?>
<!-- Generated by org.testng.reporters.JUnitReportReporter -->
<testsuite hostname="DESKTOP-OGS304U" failures="0" tests="1" name="sailotech.com.EzScheduler.readMailsTest.OTPForPatientRegistrationTest" time="18.943" errors="0" timestamp="10 Dec 2020 12:10:46 GMT" skipped="0">
  <testcase classname="sailotech.com.EzScheduler.readMailsTest.OTPForPatientRegistrationTest" name="TC01_Navigate_to_Patient_Registration" time="18.943"/>
</testsuite> <!-- sailotech.com.EzScheduler.readMailsTest.OTPForPatientRegistrationTest -->
