<?xml version="1.0" encoding="UTF-8"?>
<!-- Generated by org.testng.reporters.JUnitReportReporter -->
<testsuite hostname="DESKTOP-OGS304U" failures="0" tests="5" name="sailotech.com.EzScheduler.providerTests.SlotGenerationTest" time="91.932" errors="0" timestamp="06 Jan 2021 13:03:19 GMT" skipped="0">
  <testcase classname="sailotech.com.EzScheduler.providerTests.SlotGenerationTest" name="TC01_Naviagtion_to_Login" time="5.060"/>
  <testcase classname="sailotech.com.EzScheduler.providerTests.SlotGenerationTest" name="TC04_Generate_slots_on_GenerateSlots_Page" time="13.354"/>
  <testcase classname="sailotech.com.EzScheduler.providerTests.SlotGenerationTest" name="TC03_Navigation_to_the_GenerateSLots_Page" time="54.835"/>
  <testcase classname="sailotech.com.EzScheduler.providerTests.SlotGenerationTest" name="TC02_DoctorLogin" time="13.665"/>
  <testcase classname="sailotech.com.EzScheduler.providerTests.SlotGenerationTest" name="TC05_Doctor_Logout" time="5.018"/>
</testsuite> <!-- sailotech.com.EzScheduler.providerTests.SlotGenerationTest -->
