<?xml version="1.0" encoding="UTF-8"?>
<!-- Generated by org.testng.reporters.JUnitReportReporter -->
<testsuite hostname="DESKTOP-OGS304U" failures="0" tests="2" name="sailotech.com.EzScheduler.adminTests.CheckForVerifiedDoctorTest" time="64.304" errors="0" timestamp="05 Jan 2021 08:04:12 GMT" skipped="0">
  <testcase classname="sailotech.com.EzScheduler.adminTests.CheckForVerifiedDoctorTest" name="TC01_AdminLogin" time="15.589"/>
  <testcase classname="sailotech.com.EzScheduler.adminTests.CheckForVerifiedDoctorTest" name="TC02_Check_For_VerifiedDoctor" time="48.715"/>
</testsuite> <!-- sailotech.com.EzScheduler.adminTests.CheckForVerifiedDoctorTest -->
