<?xml version="1.0" encoding="UTF-8"?>
<!-- Generated by org.testng.reporters.JUnitReportReporter -->
<testsuite hostname="DESKTOP-OGS304U" failures="0" tests="2" name="sailotech.com.EzScheduler.adminTests.CreateDoctorTest" time="2030.159" errors="0" timestamp="05 Feb 2021 10:57:29 GMT" skipped="0">
  <testcase classname="sailotech.com.EzScheduler.adminTests.CreateDoctorTest" name="TC02_CreateDoctor" time="2009.189"/>
  <testcase classname="sailotech.com.EzScheduler.adminTests.CreateDoctorTest" name="TC01_Navigate_to_AdminLogin" time="20.970"/>
</testsuite> <!-- sailotech.com.EzScheduler.adminTests.CreateDoctorTest -->
