<?xml version="1.0" encoding="UTF-8"?>
<!-- Generated by org.testng.reporters.JUnitReportReporter -->
<testsuite hostname="DESKTOP-OGS304U" failures="0" tests="2" name="sailotech.com.EzScheduler.adminTests.CheckForDoctorsInVerifiedQueueTest" time="471.439" errors="0" timestamp="03 Feb 2021 07:04:02 GMT" skipped="0">
  <testcase classname="sailotech.com.EzScheduler.adminTests.CheckForDoctorsInVerifiedQueueTest" name="TC01_Navigate_to_AdminLogin" time="14.717"/>
  <testcase classname="sailotech.com.EzScheduler.adminTests.CheckForDoctorsInVerifiedQueueTest" name="TC02_AdminLogin" time="456.722"/>
</testsuite> <!-- sailotech.com.EzScheduler.adminTests.CheckForDoctorsInVerifiedQueueTest -->
