<?xml version="1.0" encoding="UTF-8"?>
<!-- Generated by org.testng.reporters.JUnitReportReporter -->
<testsuite hostname="DESKTOP-OGS304U" failures="0" tests="1" name="readMailsTest.DoctorRegistrationMailTest" time="28.354" errors="0" timestamp="09 Dec 2020 11:30:15 GMT" skipped="0">
  <testcase classname="readMailsTest.DoctorRegistrationMailTest" name="TC01_ReadMail" time="28.354"/>
</testsuite> <!-- readMailsTest.DoctorRegistrationMailTest -->
