<?xml version="1.0" encoding="UTF-8"?>
<!-- Generated by org.testng.reporters.JUnitReportReporter -->
<testsuite hostname="DESKTOP-OGS304U" failures="0" tests="2" name="sailotech.com.EzScheduler.adminTests.InvalidLoginCredentialsTest" time="15.571" errors="0" timestamp="31 Dec 2020 05:31:33 GMT" skipped="0">
  <testcase classname="sailotech.com.EzScheduler.adminTests.InvalidLoginCredentialsTest" name="TC01_Navigate_to_AdminLogin" time="3.942"/>
  <testcase classname="sailotech.com.EzScheduler.adminTests.InvalidLoginCredentialsTest" name="TC03_AdminLogin" time="11.629"/>
</testsuite> <!-- sailotech.com.EzScheduler.adminTests.InvalidLoginCredentialsTest -->
