<?xml version="1.0" encoding="UTF-8"?>
<!-- Generated by org.testng.reporters.JUnitReportReporter -->
<testsuite hostname="DESKTOP-OGS304U" failures="0" tests="3" name="sailotech.com.EzScheduler.adminTests.AdminTest" time="422.711" errors="0" timestamp="2021-10-30T12:54:53 IST" skipped="0">
  <testcase classname="sailotech.com.EzScheduler.adminTests.AdminTest" name="TCA_01_LoginNavigation" time="2.568"/>
  <system-out/>
  <testcase classname="sailotech.com.EzScheduler.adminTests.AdminTest" name="TC03_VerifyDoctor" time="407.257"/>
  <system-out/>
  <testcase classname="sailotech.com.EzScheduler.adminTests.AdminTest" name="TC02_AdminLogin" time="12.886"/>
  <system-out/>
</testsuite> <!-- sailotech.com.EzScheduler.adminTests.AdminTest -->
