<?xml version="1.0" encoding="UTF-8"?>
<!-- Generated by org.testng.reporters.JUnitReportReporter -->
<testsuite hostname="DESKTOP-OGS304U" failures="0" tests="2" name="sailotech.com.EzScheduler.adminTests.AdminLoginTest$DoctorTest" time="8.176" errors="0" timestamp="28 Aug 2020 12:52:23 GMT" skipped="0">
  <testcase classname="sailotech.com.EzScheduler.adminTests.AdminLoginTest$DoctorTest" name="TC02_AdminLogin" time="4.999"/>
  <testcase classname="sailotech.com.EzScheduler.adminTests.AdminLoginTest$DoctorTest" name="TC01_Navigate_to_AdminLogin" time="3.177"/>
</testsuite> <!-- sailotech.com.EzScheduler.adminTests.AdminLoginTest$DoctorTest -->
