<?xml version="1.0" encoding="UTF-8"?>
<!-- Generated by org.testng.reporters.JUnitReportReporter -->
<testsuite hostname="DESKTOP-OGS304U" failures="0" tests="1" name="sailotech.com.EzScheduler.adminTests.HomePageVerficationTest" time="1.207" errors="0" timestamp="16 Dec 2020 05:25:56 GMT" skipped="0">
  <testcase classname="sailotech.com.EzScheduler.adminTests.HomePageVerficationTest" name="TC01_VerifyHomepage" time="1.207"/>
</testsuite> <!-- sailotech.com.EzScheduler.adminTests.HomePageVerficationTest -->
