<?xml version="1.0" encoding="UTF-8"?>
<!-- Generated by org.testng.reporters.JUnitReportReporter -->
<testsuite hostname="DESKTOP-OGS304U" failures="0" tests="3" name="sailotech.com.EzScheduler.adminTests.CreateExistingDoctorTest" time="106.930" errors="0" timestamp="06 Jan 2021 10:01:39 GMT" skipped="0">
  <testcase classname="sailotech.com.EzScheduler.adminTests.CreateExistingDoctorTest" name="TC03_CreateDoctorWithExistingDetaiils" time="91.280"/>
  <testcase classname="sailotech.com.EzScheduler.adminTests.CreateExistingDoctorTest" name="TC02_AdminLogin" time="11.262"/>
  <testcase classname="sailotech.com.EzScheduler.adminTests.CreateExistingDoctorTest" name="TC01_Navigate_to_AdminLogin" time="4.388"/>
</testsuite> <!-- sailotech.com.EzScheduler.adminTests.CreateExistingDoctorTest -->
