<?xml version="1.0" encoding="UTF-8"?>
<!-- Generated by org.testng.reporters.JUnitReportReporter -->
<testsuite hostname="DESKTOP-OGS304U" failures="0" tests="6" name="sailotech.com.EzScheduler.providerTests.SlotGenerationTest" time="119.679" errors="0" timestamp="15 Dec 2020 05:13:01 GMT" skipped="0">
  <testcase classname="sailotech.com.EzScheduler.providerTests.SlotGenerationTest" name="TC01_Naviagtion_to_Login" time="5.006"/>
  <testcase classname="sailotech.com.EzScheduler.providerTests.SlotGenerationTest" name="TC04_Generate_slots_on_GenerateSlots_Page" time="53.634"/>
  <testcase classname="sailotech.com.EzScheduler.providerTests.SlotGenerationTest" name="TC02_DoctorLogin" time="22.086"/>
  <testcase classname="sailotech.com.EzScheduler.providerTests.SlotGenerationTest" name="TC05_Check_the_slots_generated" time="12.015"/>
  <testcase classname="sailotech.com.EzScheduler.providerTests.SlotGenerationTest" name="TC06_Doctor_Logout" time="5.702"/>
  <testcase classname="sailotech.com.EzScheduler.providerTests.SlotGenerationTest" name="TC03_Navigation_to_the_GenerateSLots_Page" time="21.236"/>
</testsuite> <!-- sailotech.com.EzScheduler.providerTests.SlotGenerationTest -->
