<?xml version="1.0" encoding="UTF-8"?>
<!-- Generated by org.testng.reporters.JUnitReportReporter -->
<testsuite hostname="DESKTOP-OGS304U" failures="0" tests="2" name="sailotech.com.EzScheduler.consumerTests.PatientRegistrationTest" time="25.626" errors="0" timestamp="11 Jan 2021 05:39:32 GMT" skipped="0">
  <testcase classname="sailotech.com.EzScheduler.consumerTests.PatientRegistrationTest" name="TC02_Patient_Registration" time="22.391"/>
  <testcase classname="sailotech.com.EzScheduler.consumerTests.PatientRegistrationTest" name="TC01_Navigate_to_Patient_Registration" time="3.235"/>
</testsuite> <!-- sailotech.com.EzScheduler.consumerTests.PatientRegistrationTest -->
