<?xml version="1.0" encoding="UTF-8"?>
<!-- Generated by org.testng.reporters.JUnitReportReporter -->
<testsuite hostname="DESKTOP-OGS304U" failures="0" tests="2" name="sailotech.com.EzScheduler.consumerTests.AppointmentBookingUsingFilters" time="39.043" errors="0" timestamp="11 Jan 2021 11:17:15 GMT" skipped="0">
  <testcase classname="sailotech.com.EzScheduler.consumerTests.AppointmentBookingUsingFilters" name="TC02_ApplyFilters" time="19.800"/>
  <testcase classname="sailotech.com.EzScheduler.consumerTests.AppointmentBookingUsingFilters" name="TC01_Patient_Login" time="19.243"/>
</testsuite> <!-- sailotech.com.EzScheduler.consumerTests.AppointmentBookingUsingFilters -->
