<?xml version="1.0" encoding="UTF-8"?>
<!-- Generated by org.testng.reporters.JUnitReportReporter -->
<testsuite hostname="DESKTOP-OGS304U" failures="0" tests="3" name="sailotech.com.EzScheduler.consumerTests.PatientAppointmentBookingTest" time="817.943" errors="0" timestamp="25 Mar 2021 12:48:39 GMT" skipped="0">
  <testcase classname="sailotech.com.EzScheduler.consumerTests.PatientAppointmentBookingTest" name="TC02_PatientLogin" time="18.615"/>
  <testcase classname="sailotech.com.EzScheduler.consumerTests.PatientAppointmentBookingTest" name="TC01_Navigate_to_LoginRegister" time="5.304"/>
  <testcase classname="sailotech.com.EzScheduler.consumerTests.PatientAppointmentBookingTest" name="TC03_serach_for_doctor" time="794.024"/>
</testsuite> <!-- sailotech.com.EzScheduler.consumerTests.PatientAppointmentBookingTest -->
