<?xml version="1.0" encoding="UTF-8"?>
<!-- Generated by org.testng.reporters.JUnitReportReporter -->
<testsuite hostname="DESKTOP-OGS304U" failures="0" tests="2" name="sailotech.com.EzScheduler.providerTests.SlotsGenerationBeforeCurrentTimeOfDayTest" time="70.726" errors="0" timestamp="23 Dec 2020 06:18:05 GMT" skipped="0">
  <testcase classname="sailotech.com.EzScheduler.providerTests.SlotsGenerationBeforeCurrentTimeOfDayTest" name="TC02_GenerateSlots" time="54.190"/>
  <testcase classname="sailotech.com.EzScheduler.providerTests.SlotsGenerationBeforeCurrentTimeOfDayTest" name="TC01_DoctorLogin" time="16.536"/>
</testsuite> <!-- sailotech.com.EzScheduler.providerTests.SlotsGenerationBeforeCurrentTimeOfDayTest -->
