<?xml version="1.0" encoding="UTF-8"?>
<!-- Generated by org.testng.reporters.JUnitReportReporter -->
<testsuite hostname="DESKTOP-OGS304U" failures="0" tests="2" name="sailotech.com.EzScheduler.adminTests.AdminLoginTest" time="16.803" errors="0" timestamp="02 Feb 2021 05:29:07 GMT" skipped="0">
  <testcase classname="sailotech.com.EzScheduler.adminTests.AdminLoginTest" name="TC01_Navigate_to_AdminLogin" time="4.003"/>
  <testcase classname="sailotech.com.EzScheduler.adminTests.AdminLoginTest" name="TC02_AdminLogin" time="12.800"/>
</testsuite> <!-- sailotech.com.EzScheduler.adminTests.AdminLoginTest -->
