<?xml version="1.0" encoding="UTF-8"?>
<!-- Generated by org.testng.reporters.JUnitReportReporter -->
<testsuite hostname="DESKTOP-OGS304U" failures="0" tests="1" name="sailotech.com.EzScheduler.readMails.Patient_Login_Credentials" time="12.679" errors="0" timestamp="20 Oct 2020 06:38:22 GMT" skipped="0">
  <testcase classname="sailotech.com.EzScheduler.readMails.Patient_Login_Credentials" name="TC01_ReadMail" time="12.679"/>
</testsuite> <!-- sailotech.com.EzScheduler.readMails.Patient_Login_Credentials -->
