<?xml version="1.0" encoding="UTF-8"?>
<!-- Generated by org.testng.reporters.JUnitReportReporter -->
<testsuite hostname="DESKTOP-OGS304U" failures="0" tests="1" name="sailotech.com.EzScheduler.readMailsTest.PatientLoginCredentialsTest" time="24.119" errors="0" timestamp="10 Dec 2020 10:04:11 GMT" skipped="0">
  <testcase classname="sailotech.com.EzScheduler.readMailsTest.PatientLoginCredentialsTest" name="TC01_Navigate_to_Patient_Registration" time="24.119"/>
</testsuite> <!-- sailotech.com.EzScheduler.readMailsTest.PatientLoginCredentialsTest -->
