<?xml version="1.0" encoding="UTF-8"?>
<!-- Generated by org.testng.reporters.JUnitReportReporter -->
<testsuite hostname="DESKTOP-OGS304U" failures="0" tests="2" name="sailotech.com.EzScheduler.providerTests.DoctorLoginTest" time="20.359" errors="0" timestamp="28 Dec 2020 06:22:48 GMT" skipped="0">
  <testcase classname="sailotech.com.EzScheduler.providerTests.DoctorLoginTest" name="TC02_DoctorLogin" time="16.006"/>
  <testcase classname="sailotech.com.EzScheduler.providerTests.DoctorLoginTest" name="TC01_NavigatetoDoctorLogin" time="4.353"/>
</testsuite> <!-- sailotech.com.EzScheduler.providerTests.DoctorLoginTest -->
